\BOOKMARK [1][-]{section.1}{\376\377\000P\000u\000r\000p\000o\000s\000e}{}% 1
\BOOKMARK [1][-]{section.2}{\376\377\000A\000t\000m\000o\000s\000p\000h\000e\000r\000i\000c\000\040\000I\000n\000p\000u\000t\000s}{}% 2
\BOOKMARK [1][-]{section.3}{\376\377\000P\000l\000a\000n\000e\000t\000a\000r\000y\000\040\000I\000n\000p\000u\000t\000s}{}% 3
\BOOKMARK [1][-]{section.4}{\376\377\000S\000u\000r\000f\000a\000c\000e\000\040\000L\000i\000q\000u\000i\000d\000\040\000W\000a\000t\000e\000r\000\040\000f\000r\000o\000m\000\040\000A\000t\000m\000o\000s\000p\000h\000e\000r\000i\000c\000\040\000C\000o\000n\000d\000e\000n\000s\000a\000t\000i\000o\000n}{}% 4
\BOOKMARK [2][-]{subsection.4.1}{\376\377\000S\000a\000t\000u\000r\000a\000t\000i\000o\000n\000\040\000v\000a\000p\000o\000r\000\040\000p\000r\000e\000s\000s\000u\000r\000e}{section.4}% 5
\BOOKMARK [2][-]{subsection.4.2}{\376\377\000S\000a\000t\000u\000r\000a\000t\000i\000o\000n\000\040\000n\000u\000m\000b\000e\000r\000\040\000d\000e\000n\000s\000i\000t\000y}{section.4}% 6
\BOOKMARK [2][-]{subsection.4.3}{\376\377\000C\000o\000n\000d\000e\000n\000s\000e\000d\000\040\000w\000a\000t\000e\000r\000\040\000m\000a\000s\000s}{section.4}% 7
\BOOKMARK [2][-]{subsection.4.4}{\376\377\000S\000u\000r\000f\000a\000c\000e\000\040\000l\000i\000q\000u\000i\000d\000\040\000c\000o\000n\000d\000i\000t\000i\000o\000n}{section.4}% 8
\BOOKMARK [1][-]{section.5}{\376\377\000I\000n\000t\000e\000r\000i\000o\000r\000\040\000W\000a\000t\000e\000r\000/\000I\000c\000e\000\040\000E\000s\000t\000i\000m\000a\000t\000e\000\040\000f\000r\000o\000m\000\040\000B\000u\000l\000k\000\040\000D\000e\000n\000s\000i\000t\000y}{}% 9
\BOOKMARK [2][-]{subsection.5.1}{\376\377\000T\000w\000o\000-\000c\000o\000m\000p\000o\000n\000e\000n\000t\000\040\000r\000o\000c\000k\000/\000i\000c\000e\000\040\000m\000o\000d\000e\000l}{section.5}% 10
\BOOKMARK [2][-]{subsection.5.2}{\376\377\000I\000n\000t\000e\000r\000p\000r\000e\000t\000a\000t\000i\000o\000n}{section.5}% 11
\BOOKMARK [1][-]{section.6}{\376\377\000T\000h\000e\000r\000m\000a\000l\000\040\000M\000o\000d\000e\000l\000\040\000f\000o\000r\000\040\000I\000c\000e\000\040\000S\000h\000e\000l\000l\000\040\000a\000n\000d\000\040\000S\000u\000b\000s\000u\000r\000f\000a\000c\000e\000\040\000O\000c\000e\000a\000n}{}% 12
\BOOKMARK [2][-]{subsection.6.1}{\376\377\000I\000n\000t\000e\000r\000i\000o\000r\000\040\000h\000e\000a\000t\000\040\000f\000l\000u\000x}{section.6}% 13
\BOOKMARK [2][-]{subsection.6.2}{\376\377\000C\000o\000n\000d\000u\000c\000t\000i\000v\000e\000\040\000i\000c\000e\000\040\000s\000h\000e\000l\000l\000\040\000t\000h\000i\000c\000k\000n\000e\000s\000s}{section.6}% 14
\BOOKMARK [2][-]{subsection.6.3}{\376\377\000S\000u\000b\000s\000u\000r\000f\000a\000c\000e\000\040\000o\000c\000e\000a\000n\000\040\000c\000o\000n\000d\000i\000t\000i\000o\000n}{section.6}% 15
\BOOKMARK [1][-]{section.7}{\376\377\000I\000c\000e\000\040\000S\000h\000e\000l\000l\000\040\000C\000o\000n\000v\000e\000c\000t\000i\000o\000n\000\040\000C\000h\000e\000c\000k}{}% 16
\BOOKMARK [1][-]{section.8}{\376\377\000R\000o\000c\000k\000y\000\040\000I\000n\000t\000e\000r\000i\000o\000r\000\040\000T\000h\000e\000r\000m\000a\000l\000\040\000E\000v\000o\000l\000u\000t\000i\000o\000n}{}% 17
\BOOKMARK [2][-]{subsection.8.1}{\376\377\000E\000n\000e\000r\000g\000y\000\040\000b\000a\000l\000a\000n\000c\000e}{section.8}% 18
\BOOKMARK [2][-]{subsection.8.2}{\376\377\000I\000n\000t\000e\000r\000n\000a\000l\000\040\000h\000e\000a\000t\000\040\000p\000r\000o\000d\000u\000c\000t\000i\000o\000n}{section.8}% 19
\BOOKMARK [3][-]{subsubsection.8.2.1}{\376\377\000R\000a\000d\000i\000o\000g\000e\000n\000i\000c\000\040\000h\000e\000a\000t\000i\000n\000g}{subsection.8.2}% 20
\BOOKMARK [3][-]{subsubsection.8.2.2}{\376\377\000T\000i\000d\000a\000l\000\040\000h\000e\000a\000t\000i\000n\000g}{subsection.8.2}% 21
\BOOKMARK [3][-]{subsubsection.8.2.3}{\376\377\000G\000r\000a\000v\000i\000t\000a\000t\000i\000o\000n\000a\000l\000\040\000a\000n\000d\000\040\000s\000e\000c\000u\000l\000a\000r\000\040\000h\000e\000a\000t}{subsection.8.2}% 22
\BOOKMARK [2][-]{subsection.8.3}{\376\377\000N\000u\000s\000s\000e\000l\000t\000-\000R\000a\000y\000l\000e\000i\000g\000h\000\040\000s\000c\000a\000l\000i\000n\000g}{section.8}% 23
\BOOKMARK [1][-]{section.9}{\376\377\000H\000y\000d\000r\000o\000s\000p\000h\000e\000r\000e\000\040\000S\000t\000a\000t\000e\000\040\000C\000l\000a\000s\000s\000i\000f\000i\000c\000a\000t\000i\000o\000n}{}% 24
\BOOKMARK [1][-]{section.10}{\376\377\000G\000e\000o\000c\000h\000e\000m\000i\000c\000a\000l\000\040\000B\000o\000u\000n\000d\000a\000r\000y\000\040\000C\000o\000n\000d\000i\000t\000i\000o\000n\000s}{}% 25
\BOOKMARK [2][-]{subsection.10.1}{\376\377\000S\000u\000r\000f\000a\000c\000e\000\040\000p\000o\000n\000d\000\040\000o\000r\000\040\000s\000u\000r\000f\000a\000c\000e\000\040\000o\000c\000e\000a\000n}{section.10}% 26
\BOOKMARK [2][-]{subsection.10.2}{\376\377\000V\000o\000l\000c\000a\000n\000i\000c\000\040\000r\000o\000c\000k\000\040\000e\000n\000v\000i\000r\000o\000n\000m\000e\000n\000t}{section.10}% 27
\BOOKMARK [2][-]{subsection.10.3}{\376\377\000H\000y\000d\000r\000o\000t\000h\000e\000r\000m\000a\000l\000\040\000v\000e\000n\000t}{section.10}% 28
\BOOKMARK [1][-]{section.11}{\376\377\000S\000u\000g\000g\000e\000s\000t\000e\000d\000\040\000C\000o\000d\000e\000\040\000I\000n\000t\000e\000r\000f\000a\000c\000e}{}% 29
\BOOKMARK [1][-]{section.12}{\376\377\000R\000e\000f\000e\000r\000e\000n\000c\000e\000s}{}% 30
